ноя 12, 2016 12:48:13 AM com.AuthorServiceImpl getById
INFO: Getting author by id: 75
ноя 12, 2016 12:48:13 AM com.AuthorServiceImpl getAll
INFO: Getting all authors
ноя 12, 2016 12:48:56 AM com.AuthorServiceImpl getById
INFO: Getting author by id: 75
ноя 12, 2016 12:48:56 AM com.AuthorServiceImpl getAll
INFO: Getting all authors
ноя 12, 2016 12:49:01 AM com.AuthorServiceImpl getById
INFO: Getting author by id: 75
ноя 12, 2016 12:49:01 AM com.AuthorServiceImpl getAll
INFO: Getting all authors
ноя 12, 2016 12:00:59 PM com.maverick.oldservice.AuthorServiceImpl getById
INFO: Getting author by id: 75
ноя 12, 2016 12:00:59 PM com.maverick.oldservice.AuthorServiceImpl getAll
INFO: Getting all authors
ноя 26, 2016 11:34:15 PM com.maverick.oldservice.AuthorServiceImpl save
INFO: Saving author Author{fullName='MYAUTHOR', yearsOfLife='1212-1212'}
ноя 26, 2016 11:34:16 PM com.maverick.oldservice.AuthorServiceImpl save
INFO: Saving author Author{fullName='NEW NAME', yearsOfLife='1212-1212'}
ноя 26, 2016 11:34:16 PM com.maverick.oldservice.AuthorServiceImpl getById
INFO: Getting author by id: 75
ноя 26, 2016 11:34:16 PM com.maverick.oldservice.AuthorServiceImpl getAll
INFO: Getting all authors
ноя 26, 2016 11:34:56 PM com.maverick.oldservice.AuthorServiceImpl save
INFO: Saving author Author{fullName='MYAUTHOR', yearsOfLife='1212-1212'}
ноя 26, 2016 11:34:56 PM com.maverick.oldservice.AuthorServiceImpl save
INFO: Saving author Author{fullName='NEW NAME', yearsOfLife='1212-1212'}
ноя 26, 2016 11:34:56 PM com.maverick.oldservice.AuthorServiceImpl getById
INFO: Getting author by id: 75
ноя 26, 2016 11:34:56 PM com.maverick.oldservice.AuthorServiceImpl getAll
INFO: Getting all authors
